

Microchip MPLAB XC8 Assembler V2.32 build 20210201212658 
                                                                                               Mon Jun 05 15:42:48 2023

Microchip MPLAB XC8 C Compiler v2.32 (Free license) build 20210201212658 Og1 
     1                           	processor	16F628A
     2                           	pagewidth 120
     3                           	opt	flic
     4                           	psect	cinit,global,class=CODE,merge=1,delta=2
     5                           	psect	cstackCOMMON,global,class=COMMON,space=1,delta=1,noexec
     6                           	psect	maintext,global,class=CODE,split=1,delta=2
     7                           	psect	text1,local,class=CODE,merge=1,delta=2
     8                           	psect	text2,local,class=CODE,merge=1,delta=2
     9                           	psect	text3,local,class=CODE,merge=1,delta=2
    10                           	psect	intentry,global,class=CODE,delta=2
    11                           	psect	config,global,abs,ovrld,class=CONFIG,space=4,delta=2,noexec
    12                           	dabs	1,0x7E,2
    13  0000                     
    14                           ; Version 2.20
    15                           ; Generated 12/02/2020 GMT
    16                           ; 
    17                           ; Copyright © 2020, Microchip Technology Inc. and its subsidiaries ("Microchip")
    18                           ; All rights reserved.
    19                           ; 
    20                           ; This software is developed by Microchip Technology Inc. and its subsidiaries ("Microch
      +                          ip").
    21                           ; 
    22                           ; Redistribution and use in source and binary forms, with or without modification, are
    23                           ; permitted provided that the following conditions are met:
    24                           ; 
    25                           ;     1. Redistributions of source code must retain the above copyright notice, this lis
      +                          t of
    26                           ;        conditions and the following disclaimer.
    27                           ; 
    28                           ;     2. Redistributions in binary form must reproduce the above copyright notice, this 
      +                          list
    29                           ;        of conditions and the following disclaimer in the documentation and/or other
    30                           ;        materials provided with the distribution.
    31                           ; 
    32                           ;     3. Microchip's name may not be used to endorse or promote products derived from th
      +                          is
    33                           ;        software without specific prior written permission.
    34                           ; 
    35                           ; THIS SOFTWARE IS PROVIDED BY MICROCHIP "AS IS" AND ANY EXPRESS OR IMPLIED WARRANTIES,
    36                           ; INCLUDING, BUT NOT LIMITED TO, THE IMPLIED WARRANTIES OF MERCHANTABILITY AND FITNESS F
      +                          OR
    37                           ; PURPOSE ARE DISCLAIMED.  IN NO EVENT SHALL MICROCHIP BE LIABLE FOR ANY DIRECT, INDIREC
      +                          T,
    38                           ; INCIDENTAL, SPECIAL, EXEMPLARY, OR CONSEQUENTIAL DAMAGES (INCLUDING BUT NOT LIMITED TO
    39                           ; PROCUREMENT OF SUBSTITUTE GOODS OR SERVICES; LOSS OF USE, DATA OR PROFITS; OR BUSINESS
    40                           ; INTERRUPTION) HOWSOEVER CAUSED AND ON ANY THEORY OF LIABILITY, WHETHER IN CONTRACT, ST
      +                          RICT
    41                           ; LIABILITY, OR TORT (INCLUDING NEGLIGENCE OR OTHERWISE) ARISING IN ANY WAY OUT OF THE U
      +                          SE OF
    42                           ; THIS SOFTWARE, EVEN IF ADVISED OF THE POSSIBILITY OF SUCH DAMAGE.
    43                           ; 
    44                           ; 
    45                           ; Code-generator required, PIC16F628A Definitions
    46                           ; 
    47                           ; SFR Addresses
    48  0000                     	;# 
    49  0001                     	;# 
    50  0002                     	;# 
    51  0003                     	;# 
    52  0004                     	;# 
    53  0005                     	;# 
    54  0006                     	;# 
    55  000A                     	;# 
    56  000B                     	;# 
    57  000C                     	;# 
    58  000E                     	;# 
    59  000E                     	;# 
    60  000F                     	;# 
    61  0010                     	;# 
    62  0011                     	;# 
    63  0012                     	;# 
    64  0015                     	;# 
    65  0015                     	;# 
    66  0016                     	;# 
    67  0017                     	;# 
    68  0018                     	;# 
    69  0019                     	;# 
    70  001A                     	;# 
    71  001F                     	;# 
    72  0081                     	;# 
    73  0085                     	;# 
    74  0086                     	;# 
    75  008C                     	;# 
    76  008E                     	;# 
    77  0092                     	;# 
    78  0098                     	;# 
    79  0099                     	;# 
    80  009A                     	;# 
    81  009B                     	;# 
    82  009C                     	;# 
    83  009D                     	;# 
    84  009F                     	;# 
    85  0000                     	;# 
    86  0001                     	;# 
    87  0002                     	;# 
    88  0003                     	;# 
    89  0004                     	;# 
    90  0005                     	;# 
    91  0006                     	;# 
    92  000A                     	;# 
    93  000B                     	;# 
    94  000C                     	;# 
    95  000E                     	;# 
    96  000E                     	;# 
    97  000F                     	;# 
    98  0010                     	;# 
    99  0011                     	;# 
   100  0012                     	;# 
   101  0015                     	;# 
   102  0015                     	;# 
   103  0016                     	;# 
   104  0017                     	;# 
   105  0018                     	;# 
   106  0019                     	;# 
   107  001A                     	;# 
   108  001F                     	;# 
   109  0081                     	;# 
   110  0085                     	;# 
   111  0086                     	;# 
   112  008C                     	;# 
   113  008E                     	;# 
   114  0092                     	;# 
   115  0098                     	;# 
   116  0099                     	;# 
   117  009A                     	;# 
   118  009B                     	;# 
   119  009C                     	;# 
   120  009D                     	;# 
   121  009F                     	;# 
   122  001F                     _CMCONbits	set	31
   123  0012                     _T2CONbits	set	18
   124  0001                     _TMR0	set	1
   125  0006                     _PORTB	set	6
   126  0005                     _PORTA	set	5
   127  000C                     _PIR1bits	set	12
   128  000B                     _INTCONbits	set	11
   129  0061                     _TMR2IF	set	97
   130  005A                     _TMR0IF	set	90
   131  005D                     _TMR0IE	set	93
   132  0086                     _TRISB	set	134
   133  0085                     _TRISA	set	133
   134  008C                     _PIE1bits	set	140
   135  0081                     _OPTION_REGbits	set	129
   136  0461                     _TMR2IE	set	1121
   137                           
   138                           	psect	cinit
   139  000B                     start_initialization:	
   140                           ; #config settings
   141                           
   142  000B                     __initialization:
   143  000B                     end_of_initialization:	
   144                           ;End of C runtime variable initialization code
   145                           
   146  000B                     __end_of__initialization:
   147  000B  0183               	clrf	3
   148  000C  2856               	ljmp	_main	;jump to C main() function
   149                           
   150                           	psect	cstackCOMMON
   151  0070                     __pcstackCOMMON:
   152  0070                     ?_tcInt:
   153  0070                     ??_tcInt:	
   154                           ; 1 bytes @ 0x0
   155                           
   156  0070                     ?_setup:	
   157                           ; 1 bytes @ 0x0
   158                           
   159  0070                     ?_loop:	
   160                           ; 1 bytes @ 0x0
   161                           
   162  0070                     ?_main:	
   163                           ; 1 bytes @ 0x0
   164                           
   165                           
   166                           ; 1 bytes @ 0x0
   167  0070                     	ds	2
   168  0072                     ??_setup:
   169  0072                     ??_loop:	
   170                           ; 1 bytes @ 0x2
   171                           
   172  0072                     ??_main:	
   173                           ; 1 bytes @ 0x2
   174                           
   175                           
   176                           	psect	maintext
   177  0056                     __pmaintext:	
   178                           ; 1 bytes @ 0x2
   179 ;;
   180 ;;Main: autosize = 0, tempsize = 0, incstack = 0, save=0
   181 ;;
   182 ;; *************** function _main *****************
   183 ;; Defined at:
   184 ;;		line 96 in file "main.c"
   185 ;; Parameters:    Size  Location     Type
   186 ;;		None
   187 ;; Auto vars:     Size  Location     Type
   188 ;;		None
   189 ;; Return value:  Size  Location     Type
   190 ;;                  1    wreg      void 
   191 ;; Registers used:
   192 ;;		wreg, status,2, status,0, pclath, cstack
   193 ;; Tracked objects:
   194 ;;		On entry : B00/0
   195 ;;		On exit  : 0/0
   196 ;;		Unchanged: 0/0
   197 ;; Data sizes:     COMMON   BANK0   BANK1   BANK2
   198 ;;      Params:         0       0       0       0
   199 ;;      Locals:         0       0       0       0
   200 ;;      Temps:          0       0       0       0
   201 ;;      Totals:         0       0       0       0
   202 ;;Total ram usage:        0 bytes
   203 ;; Hardware stack levels required when called: 2
   204 ;; This function calls:
   205 ;;		_loop
   206 ;;		_setup
   207 ;; This function is called by:
   208 ;;		Startup code after reset
   209 ;; This function uses a non-reentrant model
   210 ;;
   211                           
   212                           
   213                           ;psect for function _main
   214  0056                     _main:
   215  0056                     l693:	
   216                           ;incstack = 0
   217                           ; Regs used in _main: [wreg+status,2+status,0+pclath+cstack]
   218                           
   219                           
   220                           ;main.c: 98:     setup();
   221  0056  200D               	fcall	_setup
   222  0057                     l695:
   223                           
   224                           ;main.c: 102:         loop();
   225  0057  205A               	fcall	_loop
   226  0058  2857               	goto	l695
   227  0059  280A               	ljmp	start
   228  005A                     __end_of_main:
   229                           
   230                           	psect	text1
   231  000D                     __ptext1:	
   232 ;; *************** function _setup *****************
   233 ;; Defined at:
   234 ;;		line 44 in file "main.c"
   235 ;; Parameters:    Size  Location     Type
   236 ;;		None
   237 ;; Auto vars:     Size  Location     Type
   238 ;;		None
   239 ;; Return value:  Size  Location     Type
   240 ;;                  1    wreg      void 
   241 ;; Registers used:
   242 ;;		wreg, status,2, status,0
   243 ;; Tracked objects:
   244 ;;		On entry : 0/0
   245 ;;		On exit  : 0/0
   246 ;;		Unchanged: 0/0
   247 ;; Data sizes:     COMMON   BANK0   BANK1   BANK2
   248 ;;      Params:         0       0       0       0
   249 ;;      Locals:         0       0       0       0
   250 ;;      Temps:          0       0       0       0
   251 ;;      Totals:         0       0       0       0
   252 ;;Total ram usage:        0 bytes
   253 ;; Hardware stack levels used: 1
   254 ;; Hardware stack levels required when called: 1
   255 ;; This function calls:
   256 ;;		Nothing
   257 ;; This function is called by:
   258 ;;		_main
   259 ;; This function uses a non-reentrant model
   260 ;;
   261                           
   262                           
   263                           ;psect for function _setup
   264  000D                     _setup:
   265  000D                     l643:	
   266                           ;incstack = 0
   267                           ; Regs used in _setup: [wreg+status,2+status,0]
   268                           
   269                           
   270                           ;main.c: 46:     OPTION_REGbits.PS = 7;
   271  000D  3007               	movlw	7
   272  000E  1683               	bsf	3,5	;RP0=1, select bank1
   273  000F  1303               	bcf	3,6	;RP1=0, select bank1
   274  0010  0481               	iorwf	1,f	;volatile
   275  0011                     l645:
   276                           
   277                           ;main.c: 47:     OPTION_REGbits.PSA = 1;
   278  0011  1581               	bsf	1,3	;volatile
   279  0012                     l647:
   280                           
   281                           ;main.c: 48:     OPTION_REGbits.T0SE = 0;
   282  0012  1201               	bcf	1,4	;volatile
   283  0013                     l649:
   284                           
   285                           ;main.c: 49:     OPTION_REGbits.T0CS = 1;
   286  0013  1681               	bsf	1,5	;volatile
   287  0014                     l651:
   288                           
   289                           ;main.c: 50:     OPTION_REGbits.nRBPU = 1;
   290  0014  1781               	bsf	1,7	;volatile
   291  0015                     l653:
   292                           
   293                           ;main.c: 52:     INTCONbits.GIE = 0;
   294  0015  138B               	bcf	11,7	;volatile
   295  0016                     l655:
   296                           
   297                           ;main.c: 54:     INTCONbits.PEIE = 1;
   298  0016  170B               	bsf	11,6	;volatile
   299  0017                     l657:
   300                           
   301                           ;main.c: 55:     INTCONbits.T0IE = 1;
   302  0017  168B               	bsf	11,5	;volatile
   303  0018                     l659:
   304                           
   305                           ;main.c: 56:     INTCONbits.T0IF = 0;
   306  0018  110B               	bcf	11,2	;volatile
   307  0019                     l661:
   308                           
   309                           ;main.c: 58:     PIE1bits.TMR2IE = 1;
   310  0019  148C               	bsf	12,1	;volatile
   311  001A                     l663:
   312                           
   313                           ;main.c: 60:     PIR1bits.TMR2IF = 0;
   314  001A  1283               	bcf	3,5	;RP0=0, select bank0
   315  001B  1303               	bcf	3,6	;RP1=0, select bank0
   316  001C  108C               	bcf	12,1	;volatile
   317  001D                     l665:
   318                           
   319                           ;main.c: 63:     TRISA = 0b00110000;
   320  001D  3030               	movlw	48
   321  001E  1683               	bsf	3,5	;RP0=1, select bank1
   322  001F  1303               	bcf	3,6	;RP1=0, select bank1
   323  0020  0085               	movwf	5	;volatile
   324  0021                     l667:
   325                           
   326                           ;main.c: 66:     PORTA = 0b00001111;
   327  0021  300F               	movlw	15
   328  0022  1283               	bcf	3,5	;RP0=0, select bank0
   329  0023  1303               	bcf	3,6	;RP1=0, select bank0
   330  0024  0085               	movwf	5	;volatile
   331  0025                     l669:
   332                           
   333                           ;main.c: 68:     TRISB = 0b00000000;
   334  0025  1683               	bsf	3,5	;RP0=1, select bank1
   335  0026  1303               	bcf	3,6	;RP1=0, select bank1
   336  0027  0186               	clrf	6	;volatile
   337  0028                     l671:
   338                           
   339                           ;main.c: 76:     PORTB = 0b00000001;
   340  0028  3001               	movlw	1
   341  0029  1283               	bcf	3,5	;RP0=0, select bank0
   342  002A  1303               	bcf	3,6	;RP1=0, select bank0
   343  002B  0086               	movwf	6	;volatile
   344  002C                     l673:
   345                           
   346                           ;main.c: 81:     TMR0 = 0;
   347  002C  0181               	clrf	1	;volatile
   348  002D                     l675:
   349                           
   350                           ;main.c: 84:     T2CONbits.T2CKPS = 1;
   351  002D  0812               	movf	18,w	;volatile
   352  002E  39FC               	andlw	-4
   353  002F  3801               	iorlw	1
   354  0030  0092               	movwf	18	;volatile
   355  0031                     l677:
   356                           
   357                           ;main.c: 85:     T2CONbits.TOUTPS = 10-1;
   358  0031  0812               	movf	18,w	;volatile
   359  0032  3987               	andlw	-121
   360  0033  3848               	iorlw	72
   361  0034  0092               	movwf	18	;volatile
   362  0035                     l679:
   363                           
   364                           ;main.c: 86:     T2CONbits.TMR2ON = 1;
   365  0035  1512               	bsf	18,2	;volatile
   366  0036                     l681:
   367                           
   368                           ;main.c: 89:     CMCONbits.CM = 7;
   369  0036  3007               	movlw	7
   370  0037  049F               	iorwf	31,f	;volatile
   371  0038                     l40:
   372  0038  0008               	return
   373  0039                     __end_of_setup:
   374                           
   375                           	psect	text2
   376  005A                     __ptext2:	
   377 ;; *************** function _loop *****************
   378 ;; Defined at:
   379 ;;		line 93 in file "main.c"
   380 ;; Parameters:    Size  Location     Type
   381 ;;		None
   382 ;; Auto vars:     Size  Location     Type
   383 ;;		None
   384 ;; Return value:  Size  Location     Type
   385 ;;                  1    wreg      void 
   386 ;; Registers used:
   387 ;;		None
   388 ;; Tracked objects:
   389 ;;		On entry : 0/0
   390 ;;		On exit  : 0/0
   391 ;;		Unchanged: 0/0
   392 ;; Data sizes:     COMMON   BANK0   BANK1   BANK2
   393 ;;      Params:         0       0       0       0
   394 ;;      Locals:         0       0       0       0
   395 ;;      Temps:          0       0       0       0
   396 ;;      Totals:         0       0       0       0
   397 ;;Total ram usage:        0 bytes
   398 ;; Hardware stack levels used: 1
   399 ;; Hardware stack levels required when called: 1
   400 ;; This function calls:
   401 ;;		Nothing
   402 ;; This function is called by:
   403 ;;		_main
   404 ;; This function uses a non-reentrant model
   405 ;;
   406                           
   407                           
   408                           ;psect for function _loop
   409  005A                     _loop:
   410  005A                     l43:	
   411                           ;incstack = 0
   412                           ; Regs used in _loop: []
   413                           
   414  005A  0008               	return
   415  005B                     __end_of_loop:
   416                           
   417                           	psect	text3
   418  0039                     __ptext3:	
   419 ;; *************** function _tcInt *****************
   420 ;; Defined at:
   421 ;;		line 22 in file "main.c"
   422 ;; Parameters:    Size  Location     Type
   423 ;;		None
   424 ;; Auto vars:     Size  Location     Type
   425 ;;		None
   426 ;; Return value:  Size  Location     Type
   427 ;;                  1    wreg      void 
   428 ;; Registers used:
   429 ;;		None
   430 ;; Tracked objects:
   431 ;;		On entry : 0/0
   432 ;;		On exit  : 0/0
   433 ;;		Unchanged: 0/0
   434 ;; Data sizes:     COMMON   BANK0   BANK1   BANK2
   435 ;;      Params:         0       0       0       0
   436 ;;      Locals:         0       0       0       0
   437 ;;      Temps:          2       0       0       0
   438 ;;      Totals:         2       0       0       0
   439 ;;Total ram usage:        2 bytes
   440 ;; Hardware stack levels used: 1
   441 ;; This function calls:
   442 ;;		Nothing
   443 ;; This function is called by:
   444 ;;		Interrupt level 1
   445 ;; This function uses a non-reentrant model
   446 ;;
   447                           
   448                           
   449                           ;psect for function _tcInt
   450  0039                     _tcInt:
   451  0039                     i1l683:
   452                           
   453                           ;main.c: 24:     if (TMR0IE && TMR0IF) {
   454  0039  1E8B               	btfss	11,5	;volatile
   455  003A  283C               	goto	u1_21
   456  003B  283D               	goto	u1_20
   457  003C                     u1_21:
   458  003C  2842               	goto	i1l35
   459  003D                     u1_20:
   460  003D                     i1l685:
   461  003D  1D0B               	btfss	11,2	;volatile
   462  003E  2840               	goto	u2_21
   463  003F  2841               	goto	u2_20
   464  0040                     u2_21:
   465  0040  2842               	goto	i1l35
   466  0041                     u2_20:
   467  0041                     i1l687:
   468                           
   469                           ;main.c: 25:         TMR0IF=0;
   470  0041  110B               	bcf	11,2	;volatile
   471  0042                     i1l35:	
   472                           ;main.c: 27:     }
   473                           
   474                           
   475                           ;main.c: 28:     if (TMR2IE && TMR2IF) {
   476  0042  1683               	bsf	3,5	;RP0=1, select bank1
   477  0043  1303               	bcf	3,6	;RP1=0, select bank1
   478  0044  1C8C               	btfss	12,1	;volatile
   479  0045  2847               	goto	u3_21
   480  0046  2848               	goto	u3_20
   481  0047                     u3_21:
   482  0047  284F               	goto	i1l37
   483  0048                     u3_20:
   484  0048                     i1l689:
   485  0048  1283               	bcf	3,5	;RP0=0, select bank0
   486  0049  1303               	bcf	3,6	;RP1=0, select bank0
   487  004A  1C8C               	btfss	12,1	;volatile
   488  004B  284D               	goto	u4_21
   489  004C  284E               	goto	u4_20
   490  004D                     u4_21:
   491  004D  284F               	goto	i1l37
   492  004E                     u4_20:
   493  004E                     i1l691:
   494                           
   495                           ;main.c: 29:         TMR2IF=0;
   496  004E  108C               	bcf	12,1	;volatile
   497  004F                     i1l37:
   498  004F  0871               	movf	??_tcInt+1,w
   499  0050  008A               	movwf	10
   500  0051  0E70               	swapf	??_tcInt,w
   501  0052  0083               	movwf	3
   502  0053  0EFE               	swapf	btemp,f
   503  0054  0E7E               	swapf	btemp,w
   504  0055  0009               	retfie
   505  0056                     __end_of_tcInt:
   506  007E                     btemp	set	126	;btemp
   507  007E                     wtemp0	set	126
   508                           
   509                           	psect	intentry
   510  0004                     __pintentry:	
   511                           ;incstack = 0
   512                           ; Regs used in _tcInt: []
   513                           
   514  0004                     interrupt_function:
   515  007E                     saved_w	set	btemp
   516  0004  00FE               	movwf	btemp
   517  0005  0E03               	swapf	3,w
   518  0006  00F0               	movwf	??_tcInt
   519  0007  080A               	movf	10,w
   520  0008  00F1               	movwf	??_tcInt+1
   521  0009  2839               	ljmp	_tcInt
   522                           
   523                           	psect	config
   524                           
   525                           ;Config register CONFIG @ 0x2007
   526                           ;	Oscillator Selection bits
   527                           ;	FOSC = HS, HS oscillator: High-speed crystal/resonator on RA6/OSC2/CLKOUT and RA7/OSC1
      +                          /CLKIN
   528                           ;	Watchdog Timer Enable bit
   529                           ;	WDTE = OFF, WDT disabled
   530                           ;	Power-up Timer Enable bit
   531                           ;	PWRTE = ON, PWRT enabled
   532                           ;	RA5/MCLR/VPP Pin Function Select bit
   533                           ;	MCLRE = ON, RA5/MCLR/VPP pin function is MCLR
   534                           ;	Brown-out Detect Enable bit
   535                           ;	BOREN = ON, BOD enabled
   536                           ;	Low-Voltage Programming Enable bit
   537                           ;	LVP = ON, RB4/PGM pin has PGM function, low-voltage programming enabled
   538                           ;	Data EE Memory Code Protection bit
   539                           ;	CPD = OFF, Data memory code protection off
   540                           ;	Flash Program Memory Code Protection bit
   541                           ;	CP = OFF, Code protection off
   542  2007                     	org	8199
   543  2007  3FE2               	dw	16354

Data Sizes:
    Strings     0
    Constant    0
    Data        0
    BSS         0
    Persistent  0
    Stack       0

Auto Spaces:
    Space          Size  Autos    Used
    COMMON           14      2       2
    BANK0            80      0       0
    BANK1            80      0       0
    BANK2            48      0       0

Pointer List with Targets:

    None.

Critical Paths under _main in COMMON

    None.

Critical Paths under _tcInt in COMMON

    None.

Critical Paths under _main in BANK0

    None.

Critical Paths under _tcInt in BANK0

    None.

Critical Paths under _main in BANK1

    None.

Critical Paths under _tcInt in BANK1

    None.

Critical Paths under _main in BANK2

    None.

Critical Paths under _tcInt in BANK2

    None.

Call Graph Tables:

 ---------------------------------------------------------------------------------
 (Depth) Function   	        Calls       Base Space   Used Autos Params    Refs
 ---------------------------------------------------------------------------------
 (0) _main                                                 0     0      0       0
                               _loop
                              _setup
 ---------------------------------------------------------------------------------
 (1) _setup                                                0     0      0       0
 ---------------------------------------------------------------------------------
 (1) _loop                                                 0     0      0       0
 ---------------------------------------------------------------------------------
 Estimated maximum stack depth 1
 ---------------------------------------------------------------------------------
 (Depth) Function   	        Calls       Base Space   Used Autos Params    Refs
 ---------------------------------------------------------------------------------
 (2) _tcInt                                                2     2      0       0
                                              0 COMMON     2     2      0
 ---------------------------------------------------------------------------------
 Estimated maximum stack depth 2
 ---------------------------------------------------------------------------------

 Call Graph Graphs:

 _main (ROOT)
   _loop
   _setup

 _tcInt (ROOT)

 Address spaces:
Name               Size   Autos  Total    Cost      Usage
BITCOMMON            E      0       0       0        0.0%
EEDATA              80      0       0       0        0.0%
NULL                 0      0       0       0        0.0%
CODE                 0      0       0       0        0.0%
COMMON               E      2       2       1       14.3%
BITSFR0              0      0       0       1        0.0%
SFR0                 0      0       0       1        0.0%
BITSFR1              0      0       0       2        0.0%
SFR1                 0      0       0       2        0.0%
STACK                0      0       0       2        0.0%
BANK0               50      0       0       3        0.0%
BITSFR3              0      0       0       4        0.0%
SFR3                 0      0       0       4        0.0%
ABS                  0      0       0       4        0.0%
BITBANK0            50      0       0       5        0.0%
BITSFR2              0      0       0       5        0.0%
SFR2                 0      0       0       5        0.0%
BITBANK1            50      0       0       6        0.0%
BANK1               50      0       0       7        0.0%
BITBANK2            30      0       0       8        0.0%
BANK2               30      0       0       9        0.0%
DATA                 0      0       0      10        0.0%


Microchip Technology PIC Macro Assembler V2.32 build 20210201212658 
Symbol Table                                                                                   Mon Jun 05 15:42:48 2023

                     l40 0038                       l43 005A                      l651 0014  
                    l643 000D                      l661 0019                      l653 0015  
                    l645 0011                      l671 0028                      l663 001A  
                    l655 0016                      l647 0012                      l681 0036  
                    l673 002C                      l665 001D                      l657 0017  
                    l649 0013                      l675 002D                      l667 0021  
                    l659 0018                      l677 0031                      l669 0025  
                    l693 0056                      l679 0035                      l695 0057  
                   i1l35 0042                     i1l37 004F                     _TMR0 0001  
                   u1_20 003D                     u1_21 003C                     u2_20 0041  
                   u2_21 0040                     u3_20 0048                     u3_21 0047  
                   u4_20 004E                     u4_21 004D                     _main 0056  
                   _loop 005A                     btemp 007E                     start 000A  
                  ?_main 0070                    ?_loop 0070                    i1l691 004E  
                  i1l683 0039                    i1l685 003D                    i1l687 0041  
                  i1l689 0048                    _PORTA 0005                    _PORTB 0006  
                  _TRISA 0085                    _TRISB 0086                    _tcInt 0039  
                  _setup 000D                    pclath 000A                    status 0003  
                  wtemp0 007E          __initialization 000B             __end_of_main 005A  
           __end_of_loop 005B                   ??_main 0072                   ??_loop 0072  
                 ?_tcInt 0070                   ?_setup 0070                   _TMR0IE 005D  
                 _TMR0IF 005A                   _TMR2IE 0461                   _TMR2IF 0061  
                 saved_w 007E  __end_of__initialization 000B           __pcstackCOMMON 0070  
          __end_of_tcInt 0056            __end_of_setup 0039           _OPTION_REGbits 0081  
                ??_tcInt 0070                  ??_setup 0072               __pmaintext 0056  
             __pintentry 0004                _CMCONbits 001F                  __ptext1 000D  
                __ptext2 005A                  __ptext3 0039                _T2CONbits 0012  
   end_of_initialization 000B      start_initialization 000B                ___latbits 0000  
         __size_of_tcInt 001D           __size_of_setup 002C        interrupt_function 0004  
               _PIE1bits 008C                 _PIR1bits 000C            __size_of_main 0004  
          __size_of_loop 0001               _INTCONbits 000B                 intlevel1 0000  
